<?xml version="1.0" encoding="UTF-8"?>
<!-- Generated by org.testng.reporters.JUnitReportReporter -->
<testsuite hostname="YogeshPatil" name="com.myntra.testframework.testcases.HomePageTestCases" tests="1" failures="0" timestamp="9 Sep 2018 11:27:24 GMT" time="10.919" errors="0">
  <testcase name="tabsPresentOrNot" time="10.919" classname="com.myntra.testframework.testcases.HomePageTestCases"/>
</testsuite> <!-- com.myntra.testframework.testcases.HomePageTestCases -->
