<?xml version="1.0" encoding="UTF-8"?>
<!-- Generated by org.testng.reporters.JUnitReportReporter -->
<testsuite hostname="YogeshPatil" name="com.myntra.testframework.testcases.LoginPageTestCases" tests="3" failures="0" timestamp="9 Sep 2018 11:27:24 GMT" time="21.070" errors="0">
  <testcase name="checkLoginSignUpLink" time="12.316" classname="com.myntra.testframework.testcases.LoginPageTestCases"/>
  <testcase name="chechLoginButton" time="8.028" classname="com.myntra.testframework.testcases.LoginPageTestCases"/>
  <testcase name="checkYourAccountLink" time="0.726" classname="com.myntra.testframework.testcases.LoginPageTestCases"/>
</testsuite> <!-- com.myntra.testframework.testcases.LoginPageTestCases -->
